{"/Users/cqpro/Documents/weather-app/src/components/App/index.js": {"path":"/Users/cqpro/Documents/weather-app/src/components/App/index.js","statementMap":{"0":{"start":{"line":7,"column":2},"end":{"line":7,"column":32}},"1":{"start":{"line":10,"column":0},"end":{"line":12,"column":1}}},"fnMap":{"0":{"name":"App","decl":{"start":{"line":6,"column":9},"end":{"line":6,"column":12}},"loc":{"start":{"line":6,"column":23},"end":{"line":8,"column":1}},"line":6}},"branchMap":{},"s":{"0":1,"1":1},"f":{"0":1},"b":{},"_coverageSchema":"332fd63041d2c1bcb487cc26dd0d5f7d97098a6c","hash":"cb1224d13ed2031243f1cf4c0390a71ac8a208d9"}
}
